<?xml version="1.0" encoding="UTF-8"?>
<testng-results ignored="0" total="4" passed="4" failed="0" skipped="0">
  <reporter-output>
  </reporter-output>
  <suite started-at="2023-10-13T09:14:31 IST" name="Suite" finished-at="2023-10-13T09:15:20 IST" duration-ms="49036">
    <groups>
    </groups>
    <test started-at="2023-10-13T09:14:31 IST" name="FireFoxTest" finished-at="2023-10-13T09:15:02 IST" duration-ms="30929">
      <class name="com.automate.tests.LoginTest">
        <test-method is-config="true" signature="init(java.lang.String)[pri:0, instance:com.automate.tests.LoginTest@55a147cc]" started-at="2023-10-13T09:14:31 IST" name="init" finished-at="2023-10-13T09:14:47 IST" duration-ms="16491" status="PASS">
          <params>
            <param index="0">
              <value>
                <![CDATA[firefox]]>
              </value>
            </param>
          </params>
          <reporter-output>
          </reporter-output>
        </test-method> <!-- init -->
        <test-method signature="TitleTest()[pri:1, instance:com.automate.tests.LoginTest@55a147cc]" started-at="2023-10-13T09:14:47 IST" name="TitleTest" finished-at="2023-10-13T09:14:47 IST" duration-ms="39" status="PASS">
          <reporter-output>
          </reporter-output>
        </test-method> <!-- TitleTest -->
        <test-method signature="doLoginTest()[pri:2, instance:com.automate.tests.LoginTest@55a147cc]" started-at="2023-10-13T09:14:47 IST" name="doLoginTest" finished-at="2023-10-13T09:14:59 IST" duration-ms="12094" status="PASS">
          <reporter-output>
          </reporter-output>
        </test-method> <!-- doLoginTest -->
        <test-method is-config="true" signature="tearDown()[pri:0, instance:com.automate.tests.LoginTest@55a147cc]" started-at="2023-10-13T09:14:59 IST" name="tearDown" finished-at="2023-10-13T09:15:02 IST" duration-ms="2190" status="PASS">
          <reporter-output>
          </reporter-output>
        </test-method> <!-- tearDown -->
      </class> <!-- com.automate.tests.LoginTest -->
    </test> <!-- FireFoxTest -->
    <test started-at="2023-10-13T09:15:02 IST" name="ChromeTest" finished-at="2023-10-13T09:15:20 IST" duration-ms="18086">
      <class name="com.automate.tests.LoginTest">
        <test-method is-config="true" signature="init(java.lang.String)[pri:0, instance:com.automate.tests.LoginTest@4b013c76]" started-at="2023-10-13T09:15:02 IST" name="init" finished-at="2023-10-13T09:15:18 IST" duration-ms="15925" status="PASS">
          <params>
            <param index="0">
              <value>
                <![CDATA[chrome]]>
              </value>
            </param>
          </params>
          <reporter-output>
          </reporter-output>
        </test-method> <!-- init -->
        <test-method signature="TitleTest()[pri:1, instance:com.automate.tests.LoginTest@4b013c76]" started-at="2023-10-13T09:15:18 IST" name="TitleTest" finished-at="2023-10-13T09:15:18 IST" duration-ms="11" status="PASS">
          <reporter-output>
          </reporter-output>
        </test-method> <!-- TitleTest -->
        <test-method signature="doLoginTest()[pri:2, instance:com.automate.tests.LoginTest@4b013c76]" started-at="2023-10-13T09:15:18 IST" name="doLoginTest" finished-at="2023-10-13T09:15:19 IST" duration-ms="1233" status="PASS">
          <reporter-output>
          </reporter-output>
        </test-method> <!-- doLoginTest -->
        <test-method is-config="true" signature="tearDown()[pri:0, instance:com.automate.tests.LoginTest@4b013c76]" started-at="2023-10-13T09:15:19 IST" name="tearDown" finished-at="2023-10-13T09:15:20 IST" duration-ms="905" status="PASS">
          <reporter-output>
          </reporter-output>
        </test-method> <!-- tearDown -->
      </class> <!-- com.automate.tests.LoginTest -->
    </test> <!-- ChromeTest -->
  </suite> <!-- Suite -->
</testng-results>
